0 info it worked if it ends with ok
1 verbose cli [ 'node',
1 verbose cli   '/usr/local/bin/npm',
1 verbose cli   'update',
1 verbose cli   '-g',
1 verbose cli   'generator-backbone' ]
2 info using npm@1.4.3
3 info using node@v0.10.26
4 verbose url raw generator-backbone
5 verbose url resolving [ 'https://registry.npmjs.org/', './generator-backbone' ]
6 verbose url resolved https://registry.npmjs.org/generator-backbone
7 info trying registry request attempt 1 at 20:28:10
8 verbose etag "8A47BKCHFNJ3O8YSTJTGACNVJ"
9 http GET https://registry.npmjs.org/generator-backbone
10 info retry will retry, error on last attempt: Error: connect EMFILE
11 info trying registry request attempt 2 at 20:28:20
12 verbose etag "8A47BKCHFNJ3O8YSTJTGACNVJ"
13 http GET https://registry.npmjs.org/generator-backbone
14 http 200 https://registry.npmjs.org/generator-backbone
15 silly registry.get cb [ 200,
15 silly registry.get   { date: 'Sun, 12 Oct 2014 19:28:21 GMT',
15 silly registry.get     server: 'CouchDB/1.5.0 (Erlang OTP/R16B03)',
15 silly registry.get     etag: '"2Y1YMFSWLFD1544IQH4E5CYJX"',
15 silly registry.get     'content-type': 'application/json',
15 silly registry.get     'cache-control': 'max-age=60',
15 silly registry.get     'content-length': '35311',
15 silly registry.get     'accept-ranges': 'bytes',
15 silly registry.get     via: '1.1 varnish',
15 silly registry.get     age: '0',
15 silly registry.get     'x-served-by': 'cache-lcy1130-LCY',
15 silly registry.get     'x-cache': 'MISS',
15 silly registry.get     'x-cache-hits': '0',
15 silly registry.get     'x-timer': 'S1413142100.573355,VS0,VE829',
15 silly registry.get     vary: 'Accept',
15 silly registry.get     'keep-alive': 'timeout=10, max=50',
15 silly registry.get     connection: 'Keep-Alive' } ]
16 info outdated updating [ [ '/usr/local/lib',
16 info outdated     'generator-backbone',
16 info outdated     '0.2.8',
16 info outdated     '0.3.3',
16 info outdated     '0.3.3',
16 info outdated     '*' ] ]
17 verbose install where,what [ '/usr/local/lib', [ 'generator-backbone@0.3.3' ] ]
18 verbose cache add [ 'generator-backbone@0.3.3', null ]
19 verbose cache add name=undefined spec="generator-backbone@0.3.3" args=["generator-backbone@0.3.3",null]
20 verbose parsed url { protocol: null,
20 verbose parsed url   slashes: null,
20 verbose parsed url   auth: null,
20 verbose parsed url   host: null,
20 verbose parsed url   port: null,
20 verbose parsed url   hostname: null,
20 verbose parsed url   hash: null,
20 verbose parsed url   search: null,
20 verbose parsed url   query: null,
20 verbose parsed url   pathname: 'generator-backbone@0.3.3',
20 verbose parsed url   path: 'generator-backbone@0.3.3',
20 verbose parsed url   href: 'generator-backbone@0.3.3' }
21 verbose cache add name="generator-backbone" spec="0.3.3" args=["generator-backbone","0.3.3"]
22 verbose parsed url { protocol: null,
22 verbose parsed url   slashes: null,
22 verbose parsed url   auth: null,
22 verbose parsed url   host: null,
22 verbose parsed url   port: null,
22 verbose parsed url   hostname: null,
22 verbose parsed url   hash: null,
22 verbose parsed url   search: null,
22 verbose parsed url   query: null,
22 verbose parsed url   pathname: '0.3.3',
22 verbose parsed url   path: '0.3.3',
22 verbose parsed url   href: '0.3.3' }
23 verbose addNamed [ 'generator-backbone', '0.3.3' ]
24 verbose addNamed [ '0.3.3', '0.3.3' ]
25 silly lockFile 86276735-generator-backbone-0-3-3 generator-backbone@0.3.3
26 verbose lock generator-backbone@0.3.3 /Users/Bill/.npm/86276735-generator-backbone-0-3-3.lock
27 verbose url raw generator-backbone/0.3.3
28 verbose url resolving [ 'https://registry.npmjs.org/', './generator-backbone/0.3.3' ]
29 verbose url resolved https://registry.npmjs.org/generator-backbone/0.3.3
30 info trying registry request attempt 1 at 20:28:21
31 http GET https://registry.npmjs.org/generator-backbone/0.3.3
32 http 200 https://registry.npmjs.org/generator-backbone/0.3.3
33 silly registry.get cb [ 200,
33 silly registry.get   { date: 'Sun, 12 Oct 2014 19:28:22 GMT',
33 silly registry.get     server: 'CouchDB/1.5.0 (Erlang OTP/R16B03)',
33 silly registry.get     etag: '"2Y1YMFSWLFD1544IQH4E5CYJX"',
33 silly registry.get     'content-type': 'application/json',
33 silly registry.get     'cache-control': 'max-age=60',
33 silly registry.get     'content-length': '1529',
33 silly registry.get     'accept-ranges': 'bytes',
33 silly registry.get     via: '1.1 varnish',
33 silly registry.get     age: '0',
33 silly registry.get     'x-served-by': 'cache-lcy1133-LCY',
33 silly registry.get     'x-cache': 'MISS',
33 silly registry.get     'x-cache-hits': '0',
33 silly registry.get     'x-timer': 'S1413142101.702180,VS0,VE680',
33 silly registry.get     vary: 'Accept',
33 silly registry.get     'keep-alive': 'timeout=10, max=50',
33 silly registry.get     connection: 'Keep-Alive' } ]
34 silly lockFile 4c55192c-one-generator-backbone-0-3-3-tgz https://registry.npmjs.org/generator-backbone/-/generator-backbone-0.3.3.tgz
35 verbose lock https://registry.npmjs.org/generator-backbone/-/generator-backbone-0.3.3.tgz /Users/Bill/.npm/4c55192c-one-generator-backbone-0-3-3-tgz.lock
36 verbose addRemoteTarball [ 'https://registry.npmjs.org/generator-backbone/-/generator-backbone-0.3.3.tgz',
36 verbose addRemoteTarball   '6f7446c96bd9f5a16ed8290a0f0027a640a92eb8' ]
37 info retry fetch attempt 1 at 20:28:22
38 verbose fetch to= /var/folders/8k/gty7v5k54dgg0p1rwqmrm6140000gp/T/npm-7897-zSbg6Tax/1413142102430-0.8365347387734801/tmp.tgz
39 http GET https://registry.npmjs.org/generator-backbone/-/generator-backbone-0.3.3.tgz
40 http 200 https://registry.npmjs.org/generator-backbone/-/generator-backbone-0.3.3.tgz
41 verbose tar unpack /var/folders/8k/gty7v5k54dgg0p1rwqmrm6140000gp/T/npm-7897-zSbg6Tax/1413142102430-0.8365347387734801/tmp.tgz
42 silly lockFile 19568608-02430-0-8365347387734801-package tar:///var/folders/8k/gty7v5k54dgg0p1rwqmrm6140000gp/T/npm-7897-zSbg6Tax/1413142102430-0.8365347387734801/package
43 verbose lock tar:///var/folders/8k/gty7v5k54dgg0p1rwqmrm6140000gp/T/npm-7897-zSbg6Tax/1413142102430-0.8365347387734801/package /Users/Bill/.npm/19568608-02430-0-8365347387734801-package.lock
44 silly lockFile feb5b903-02430-0-8365347387734801-tmp-tgz tar:///var/folders/8k/gty7v5k54dgg0p1rwqmrm6140000gp/T/npm-7897-zSbg6Tax/1413142102430-0.8365347387734801/tmp.tgz
45 verbose lock tar:///var/folders/8k/gty7v5k54dgg0p1rwqmrm6140000gp/T/npm-7897-zSbg6Tax/1413142102430-0.8365347387734801/tmp.tgz /Users/Bill/.npm/feb5b903-02430-0-8365347387734801-tmp-tgz.lock
46 silly gunzTarPerm modes [ '755', '644' ]
47 silly gunzTarPerm extractEntry package.json
48 silly gunzTarPerm modified mode [ 'package.json', 436, 420 ]
49 silly gunzTarPerm extractEntry util.js
50 silly gunzTarPerm modified mode [ 'util.js', 436, 420 ]
51 silly gunzTarPerm extractEntry script-base.js
52 silly gunzTarPerm modified mode [ 'script-base.js', 436, 420 ]
53 silly gunzTarPerm extractEntry readme.md
54 silly gunzTarPerm modified mode [ 'readme.md', 436, 420 ]
55 silly gunzTarPerm extractEntry all/index.js
56 silly gunzTarPerm modified mode [ 'all/index.js', 436, 420 ]
57 silly gunzTarPerm extractEntry collection/index.js
58 silly gunzTarPerm modified mode [ 'collection/index.js', 436, 420 ]
59 silly gunzTarPerm extractEntry app/index.js
60 silly gunzTarPerm modified mode [ 'app/index.js', 436, 420 ]
61 silly gunzTarPerm extractEntry app/templates/Gruntfile.js
62 silly gunzTarPerm modified mode [ 'app/templates/Gruntfile.js', 436, 420 ]
63 silly gunzTarPerm extractEntry app/templates/app.js
64 silly gunzTarPerm modified mode [ 'app/templates/app.js', 436, 420 ]
65 silly gunzTarPerm extractEntry app/templates/requirejs_app.js
66 silly gunzTarPerm modified mode [ 'app/templates/requirejs_app.js', 436, 420 ]
67 silly gunzTarPerm extractEntry app/templates/gitignore
68 silly gunzTarPerm modified mode [ 'app/templates/gitignore', 436, 420 ]
69 silly gunzTarPerm extractEntry app/templates/app/404.html
70 silly gunzTarPerm modified mode [ 'app/templates/app/404.html', 436, 420 ]
71 silly gunzTarPerm extractEntry app/templates/app/favicon.ico
72 silly gunzTarPerm modified mode [ 'app/templates/app/favicon.ico', 436, 420 ]
73 silly gunzTarPerm extractEntry app/templates/app/robots.txt
74 silly gunzTarPerm modified mode [ 'app/templates/app/robots.txt', 436, 420 ]
75 silly gunzTarPerm extractEntry app/templates/_package.json
76 silly gunzTarPerm modified mode [ 'app/templates/_package.json', 436, 420 ]
77 silly gunzTarPerm extractEntry app/templates/bowerrc
78 silly gunzTarPerm modified mode [ 'app/templates/bowerrc', 436, 420 ]
79 silly gunzTarPerm extractEntry app/templates/_bower.json
80 silly gunzTarPerm modified mode [ 'app/templates/_bower.json', 436, 420 ]
81 silly gunzTarPerm extractEntry app/templates/gitattributes
82 silly gunzTarPerm modified mode [ 'app/templates/gitattributes', 436, 420 ]
83 silly gunzTarPerm extractEntry app/templates/app.coffee
84 silly gunzTarPerm modified mode [ 'app/templates/app.coffee', 436, 420 ]
85 silly gunzTarPerm extractEntry app/templates/index.html
86 silly gunzTarPerm modified mode [ 'app/templates/index.html', 436, 420 ]
87 silly gunzTarPerm extractEntry app/templates/jshintrc
88 silly gunzTarPerm modified mode [ 'app/templates/jshintrc', 436, 420 ]
89 silly gunzTarPerm extractEntry app/templates/main.scss
90 silly gunzTarPerm modified mode [ 'app/templates/main.scss', 436, 420 ]
91 silly gunzTarPerm extractEntry app/templates/requirejs_app.coffee
92 silly gunzTarPerm modified mode [ 'app/templates/requirejs_app.coffee', 436, 420 ]
93 silly gunzTarPerm extractEntry app/templates/editorconfig
94 silly gunzTarPerm modified mode [ 'app/templates/editorconfig', 436, 420 ]
95 silly gunzTarPerm extractEntry router/index.js
96 silly gunzTarPerm modified mode [ 'router/index.js', 436, 420 ]
97 silly gunzTarPerm extractEntry model/index.js
98 silly gunzTarPerm modified mode [ 'model/index.js', 436, 420 ]
99 silly gunzTarPerm extractEntry templates/collection.js
100 silly gunzTarPerm modified mode [ 'templates/collection.js', 436, 420 ]
101 silly gunzTarPerm extractEntry templates/model.js
102 silly gunzTarPerm modified mode [ 'templates/model.js', 436, 420 ]
103 silly gunzTarPerm extractEntry templates/router.js
104 silly gunzTarPerm modified mode [ 'templates/router.js', 436, 420 ]
105 silly gunzTarPerm extractEntry templates/view.js
106 silly gunzTarPerm modified mode [ 'templates/view.js', 436, 420 ]
107 silly gunzTarPerm extractEntry templates/coffeescript/collection.coffee
108 silly gunzTarPerm modified mode [ 'templates/coffeescript/collection.coffee', 436, 420 ]
109 silly gunzTarPerm extractEntry templates/coffeescript/model.coffee
110 silly gunzTarPerm modified mode [ 'templates/coffeescript/model.coffee', 436, 420 ]
111 silly gunzTarPerm extractEntry templates/coffeescript/requirejs/collection.coffee
112 silly gunzTarPerm modified mode [ 'templates/coffeescript/requirejs/collection.coffee',
112 silly gunzTarPerm   436,
112 silly gunzTarPerm   420 ]
113 silly gunzTarPerm extractEntry templates/coffeescript/requirejs/model.coffee
114 silly gunzTarPerm modified mode [ 'templates/coffeescript/requirejs/model.coffee', 436, 420 ]
115 silly gunzTarPerm extractEntry templates/coffeescript/requirejs/router.coffee
116 silly gunzTarPerm modified mode [ 'templates/coffeescript/requirejs/router.coffee', 436, 420 ]
117 silly gunzTarPerm extractEntry templates/coffeescript/requirejs/view.coffee
118 silly gunzTarPerm modified mode [ 'templates/coffeescript/requirejs/view.coffee', 436, 420 ]
119 silly gunzTarPerm extractEntry templates/coffeescript/router.coffee
120 silly gunzTarPerm modified mode [ 'templates/coffeescript/router.coffee', 436, 420 ]
121 silly gunzTarPerm extractEntry templates/coffeescript/view.coffee
122 silly gunzTarPerm modified mode [ 'templates/coffeescript/view.coffee', 436, 420 ]
123 silly gunzTarPerm extractEntry templates/coffeescript/view.ejs
124 silly gunzTarPerm modified mode [ 'templates/coffeescript/view.ejs', 436, 420 ]
125 silly gunzTarPerm extractEntry templates/requirejs/collection.js
126 silly gunzTarPerm modified mode [ 'templates/requirejs/collection.js', 436, 420 ]
127 silly gunzTarPerm extractEntry templates/requirejs/model.js
128 silly gunzTarPerm modified mode [ 'templates/requirejs/model.js', 436, 420 ]
129 silly gunzTarPerm extractEntry templates/requirejs/router.js
130 silly gunzTarPerm modified mode [ 'templates/requirejs/router.js', 436, 420 ]
131 silly gunzTarPerm extractEntry templates/requirejs/view.js
132 silly gunzTarPerm modified mode [ 'templates/requirejs/view.js', 436, 420 ]
133 silly gunzTarPerm extractEntry templates/view.ejs
134 silly gunzTarPerm modified mode [ 'templates/view.ejs', 436, 420 ]
135 silly gunzTarPerm extractEntry view/index.js
136 silly gunzTarPerm modified mode [ 'view/index.js', 436, 420 ]
137 silly lockFile 19568608-02430-0-8365347387734801-package tar:///var/folders/8k/gty7v5k54dgg0p1rwqmrm6140000gp/T/npm-7897-zSbg6Tax/1413142102430-0.8365347387734801/package
138 silly lockFile 19568608-02430-0-8365347387734801-package tar:///var/folders/8k/gty7v5k54dgg0p1rwqmrm6140000gp/T/npm-7897-zSbg6Tax/1413142102430-0.8365347387734801/package
139 silly lockFile feb5b903-02430-0-8365347387734801-tmp-tgz tar:///var/folders/8k/gty7v5k54dgg0p1rwqmrm6140000gp/T/npm-7897-zSbg6Tax/1413142102430-0.8365347387734801/tmp.tgz
140 silly lockFile feb5b903-02430-0-8365347387734801-tmp-tgz tar:///var/folders/8k/gty7v5k54dgg0p1rwqmrm6140000gp/T/npm-7897-zSbg6Tax/1413142102430-0.8365347387734801/tmp.tgz
141 verbose tar pack [ '/Users/Bill/.npm/generator-backbone/0.3.3/package.tgz',
141 verbose tar pack   '/var/folders/8k/gty7v5k54dgg0p1rwqmrm6140000gp/T/npm-7897-zSbg6Tax/1413142102430-0.8365347387734801/package' ]
142 verbose tarball /Users/Bill/.npm/generator-backbone/0.3.3/package.tgz
143 verbose folder /var/folders/8k/gty7v5k54dgg0p1rwqmrm6140000gp/T/npm-7897-zSbg6Tax/1413142102430-0.8365347387734801/package
144 silly lockFile 19568608-02430-0-8365347387734801-package tar:///var/folders/8k/gty7v5k54dgg0p1rwqmrm6140000gp/T/npm-7897-zSbg6Tax/1413142102430-0.8365347387734801/package
145 verbose lock tar:///var/folders/8k/gty7v5k54dgg0p1rwqmrm6140000gp/T/npm-7897-zSbg6Tax/1413142102430-0.8365347387734801/package /Users/Bill/.npm/19568608-02430-0-8365347387734801-package.lock
146 silly lockFile 40630622-rator-backbone-0-3-3-package-tgz tar:///Users/Bill/.npm/generator-backbone/0.3.3/package.tgz
147 verbose lock tar:///Users/Bill/.npm/generator-backbone/0.3.3/package.tgz /Users/Bill/.npm/40630622-rator-backbone-0-3-3-package-tgz.lock
148 silly lockFile 19568608-02430-0-8365347387734801-package tar:///var/folders/8k/gty7v5k54dgg0p1rwqmrm6140000gp/T/npm-7897-zSbg6Tax/1413142102430-0.8365347387734801/package
149 silly lockFile 19568608-02430-0-8365347387734801-package tar:///var/folders/8k/gty7v5k54dgg0p1rwqmrm6140000gp/T/npm-7897-zSbg6Tax/1413142102430-0.8365347387734801/package
150 silly lockFile 40630622-rator-backbone-0-3-3-package-tgz tar:///Users/Bill/.npm/generator-backbone/0.3.3/package.tgz
151 silly lockFile 40630622-rator-backbone-0-3-3-package-tgz tar:///Users/Bill/.npm/generator-backbone/0.3.3/package.tgz
152 silly lockFile dedbe095-generator-backbone-0-3-3-package /Users/Bill/.npm/generator-backbone/0.3.3/package
153 verbose lock /Users/Bill/.npm/generator-backbone/0.3.3/package /Users/Bill/.npm/dedbe095-generator-backbone-0-3-3-package.lock
154 silly lockFile dedbe095-generator-backbone-0-3-3-package /Users/Bill/.npm/generator-backbone/0.3.3/package
155 silly lockFile dedbe095-generator-backbone-0-3-3-package /Users/Bill/.npm/generator-backbone/0.3.3/package
156 verbose tar unpack /Users/Bill/.npm/generator-backbone/0.3.3/package.tgz
157 silly lockFile 06fd1c84-generator-backbone-0-3-3-package tar:///Users/Bill/.npm/generator-backbone/0.3.3/package
158 verbose lock tar:///Users/Bill/.npm/generator-backbone/0.3.3/package /Users/Bill/.npm/06fd1c84-generator-backbone-0-3-3-package.lock
159 silly lockFile 40630622-rator-backbone-0-3-3-package-tgz tar:///Users/Bill/.npm/generator-backbone/0.3.3/package.tgz
160 verbose lock tar:///Users/Bill/.npm/generator-backbone/0.3.3/package.tgz /Users/Bill/.npm/40630622-rator-backbone-0-3-3-package-tgz.lock
161 silly gunzTarPerm modes [ '755', '644' ]
162 silly gunzTarPerm extractEntry package.json
163 silly gunzTarPerm extractEntry script-base.js
164 silly gunzTarPerm extractEntry util.js
165 silly gunzTarPerm extractEntry readme.md
166 silly gunzTarPerm extractEntry all/index.js
167 silly gunzTarPerm extractEntry app/index.js
168 silly gunzTarPerm extractEntry app/templates/Gruntfile.js
169 silly gunzTarPerm extractEntry app/templates/app.js
170 silly gunzTarPerm extractEntry app/templates/requirejs_app.js
171 silly gunzTarPerm extractEntry app/templates/gitignore
172 silly gunzTarPerm extractEntry app/templates/app/404.html
173 silly gunzTarPerm extractEntry app/templates/app/favicon.ico
174 silly gunzTarPerm extractEntry app/templates/app/robots.txt
175 silly gunzTarPerm extractEntry app/templates/_package.json
176 silly gunzTarPerm extractEntry app/templates/bowerrc
177 silly gunzTarPerm extractEntry app/templates/_bower.json
178 silly gunzTarPerm extractEntry app/templates/gitattributes
179 silly gunzTarPerm extractEntry app/templates/app.coffee
180 silly gunzTarPerm extractEntry app/templates/index.html
181 silly gunzTarPerm extractEntry app/templates/jshintrc
182 silly gunzTarPerm extractEntry app/templates/main.scss
183 silly gunzTarPerm extractEntry app/templates/requirejs_app.coffee
184 silly gunzTarPerm extractEntry app/templates/editorconfig
185 silly gunzTarPerm extractEntry router/index.js
186 silly gunzTarPerm extractEntry collection/index.js
187 silly gunzTarPerm extractEntry templates/collection.js
188 silly gunzTarPerm extractEntry templates/model.js
189 silly gunzTarPerm extractEntry templates/router.js
190 silly gunzTarPerm extractEntry templates/view.js
191 silly gunzTarPerm extractEntry templates/coffeescript/collection.coffee
192 silly gunzTarPerm extractEntry templates/coffeescript/model.coffee
193 silly gunzTarPerm extractEntry templates/coffeescript/requirejs/collection.coffee
194 silly gunzTarPerm extractEntry templates/coffeescript/requirejs/model.coffee
195 silly gunzTarPerm extractEntry templates/coffeescript/requirejs/router.coffee
196 silly gunzTarPerm extractEntry templates/coffeescript/requirejs/view.coffee
197 silly gunzTarPerm extractEntry templates/coffeescript/router.coffee
198 silly gunzTarPerm extractEntry templates/coffeescript/view.coffee
199 silly gunzTarPerm extractEntry templates/coffeescript/view.ejs
200 silly gunzTarPerm extractEntry templates/requirejs/collection.js
201 silly gunzTarPerm extractEntry templates/requirejs/model.js
202 silly gunzTarPerm extractEntry templates/requirejs/router.js
203 silly gunzTarPerm extractEntry templates/requirejs/view.js
204 silly gunzTarPerm extractEntry templates/view.ejs
205 silly gunzTarPerm extractEntry model/index.js
206 silly gunzTarPerm extractEntry view/index.js
207 silly lockFile 06fd1c84-generator-backbone-0-3-3-package tar:///Users/Bill/.npm/generator-backbone/0.3.3/package
208 silly lockFile 06fd1c84-generator-backbone-0-3-3-package tar:///Users/Bill/.npm/generator-backbone/0.3.3/package
209 silly lockFile 40630622-rator-backbone-0-3-3-package-tgz tar:///Users/Bill/.npm/generator-backbone/0.3.3/package.tgz
210 silly lockFile 40630622-rator-backbone-0-3-3-package-tgz tar:///Users/Bill/.npm/generator-backbone/0.3.3/package.tgz
211 verbose chmod /Users/Bill/.npm/generator-backbone/0.3.3/package.tgz 644
212 verbose chown /Users/Bill/.npm/generator-backbone/0.3.3/package.tgz [ 502, 20 ]
213 silly lockFile 4c55192c-one-generator-backbone-0-3-3-tgz https://registry.npmjs.org/generator-backbone/-/generator-backbone-0.3.3.tgz
214 silly lockFile 4c55192c-one-generator-backbone-0-3-3-tgz https://registry.npmjs.org/generator-backbone/-/generator-backbone-0.3.3.tgz
215 silly lockFile 86276735-generator-backbone-0-3-3 generator-backbone@0.3.3
216 silly lockFile 86276735-generator-backbone-0-3-3 generator-backbone@0.3.3
217 silly resolved [ { name: 'generator-backbone',
217 silly resolved     version: '0.3.3',
217 silly resolved     description: 'Yeoman generator for Backbone.js',
217 silly resolved     keywords: [ 'yeoman-generator', 'scaffold', 'framework', 'mvc', 'backbone' ],
217 silly resolved     homepage: 'https://github.com/yeoman/generator-backbone',
217 silly resolved     bugs: { url: 'https://github.com/yeoman/generator-backbone/issues' },
217 silly resolved     author: { name: 'The Yeoman Team' },
217 silly resolved     main: 'app/index.js',
217 silly resolved     repository:
217 silly resolved      { type: 'git',
217 silly resolved        url: 'git://github.com/yeoman/generator-backbone.git' },
217 silly resolved     scripts: { test: 'mocha --reporter spec' },
217 silly resolved     dependencies: { 'yeoman-generator': '~0.17.0' },
217 silly resolved     peerDependencies:
217 silly resolved      { 'generator-mocha': '>=0.1.3',
217 silly resolved        'generator-backbone-mocha': '>=0.0.2',
217 silly resolved        yo: '>=1.1.2' },
217 silly resolved     devDependencies: { mocha: '*' },
217 silly resolved     engines: { node: '>=0.10.0', npm: '>=1.2.10' },
217 silly resolved     licenses: [ [Object] ],
217 silly resolved     readme: '# Backbone.js generator [![Build Status](https://secure.travis-ci.org/yeoman/generator-backbone.svg?branch=master)](http://travis-ci.org/yeoman/generator-backbone) [![Coverage Status](https://coveralls.io/repos/yeoman/generator-backbone/badge.png?branch=master)](https://coveralls.io/r/yeoman/generator-backbone?branch=master)\n\nMaintainer: [Revath S Kumar](https://github.com/revathskumar)\n\nA Backbone generator for Yeoman that provides a functional boilerplate Backbone app out of the box. You also get access to a number of sub-generators which can be used to easily create individual models, views, collections and so on.\n\nOptional RequireJS (AMD) support has recently been added as a prompt when using the generator on new projects.\n\n\n## Usage\n\nInstall: `npm install -g generator-backbone`\n\nMake a new directory and `cd` into it:\n```\nmkdir my-new-project && cd $_\n```\n\nRun `yo backbone`, optionally passing an app name:\n```\nyo backbone [app-name]\n```\n\n## Generators\n\nAvailable generators:\n\n- backbone:model\n- backbone:view\n- backbone:collection\n- backbone:router\n- backbone:all\n\n## Typical workflow\n\n```\nyo backbone # generates your application base and build workflow\nyo backbone:model blog\nyo backbone:collection blog\nyo backbone:router blog\nyo backbone:view blog\ngrunt serve\n```\n\nAlso checkout this [NetTuts write-up](http://net.tutsplus.com/tutorials/javascript-ajax/building-apps-with-the-yeoman-workflow/) for a guide to building Backbone.js apps using this generator.\n\n\n## Options\n\n* `--appPath`\n\n  Generate scaffold into a custom directory.\n\n* `--coffee`\n\n  Generate scaffolds in CoffeeScript. By default check if project uses CoffeeScript.\n\n* `--requirejs`\n\n  Generate scaffolds using RequireJS (AMD) Loader. By default check if project uses RequireJS.\n\n* `--skip-install`\n\n  Skips the automatic execution of `bower` and `npm` after\n  scaffolding has finished.\n\n* `--test-framework=[framework]`\n\n  Defaults to `mocha`. Can be switched for\n  another supported testing framework like `jasmine`.\n\n* `--template-framework=[framework]`\n\n  Defaults to `lodash` templating with grunt-contrib-jst.\n  `handlebars` and `mustache` are also supported.\n\n## A note regarding JST templates and strict mode\n\nIf you use strict mode in your app and JST templates the default grunt-jst implementation will cause your app to error out as the templates will be precompiled using a \'with\' statement.\n\nThis can be addressed by changing the jst grunt task as follows:\n\n```\njst: {\n    compile: {\n        options:\n        {\n            templateSettings:\n            {\n                variable: \'data\'\n            }\n        },\n        files: {\n            \'.tmp/scripts/templates.js\': [\'<%= yeoman.app %>/scripts/templates/*.ejs\']\n        }\n    }\n},\n```\nA result of this change is that your template variable definitions must also be updated from `<%= templateVariable %>` to `<%= data.templateVariable %>`. More information on this can be found in the [Underscore documentation](http://underscorejs.org/#template).\n\n## Contribute\n\nSee the [contributing docs](https://github.com/yeoman/yeoman/blob/master/contributing.md)\n\nWhen submitting an issue, please follow the [guidelines](https://github.com/yeoman/yeoman/blob/master/contributing.md#issue-submission). Especially important is to make sure Yeoman is up-to-date, and providing the command or commands that cause the issue.\n\nWhen submitting a bugfix, write a test that exposes the bug and fails before applying your fix. Submit the test alongside the fix.\n\nWhen submitting a new feature, add tests that cover the feature.\n\n\n## License\n\n[BSD license](http://opensource.org/licenses/bsd-license.php)\n',
217 silly resolved     readmeFilename: 'readme.md',
217 silly resolved     _id: 'generator-backbone@0.3.3',
217 silly resolved     dist: { shasum: 'e60580b381af494527dff56387c86b5ad182f79d' },
217 silly resolved     _from: 'generator-backbone@0.3.3',
217 silly resolved     _resolved: 'https://registry.npmjs.org/generator-backbone/-/generator-backbone-0.3.3.tgz' } ]
218 info install generator-backbone@0.3.3 into /usr/local/lib
219 info installOne generator-backbone@0.3.3
220 info /usr/local/lib/node_modules/generator-backbone unbuild
221 info preuninstall generator-backbone@0.2.8
222 info uninstall generator-backbone@0.2.8
223 verbose true,/usr/local/lib/node_modules,/usr/local/lib/node_modules unbuild generator-backbone@0.2.8
224 info postuninstall generator-backbone@0.2.8
225 info /usr/local/lib/node_modules/generator-backbone unbuild
226 info preuninstall generator-backbone@0.2.8
227 info uninstall generator-backbone@0.2.8
228 verbose true,/usr/local/lib/node_modules,/usr/local/lib/node_modules unbuild generator-backbone@0.2.8
229 info postuninstall generator-backbone@0.2.8
230 error error rolling back Error: EACCES, unlink '/usr/local/lib/node_modules/generator-backbone'
230 error error rolling back  generator-backbone@0.3.3 { [Error: EACCES, unlink '/usr/local/lib/node_modules/generator-backbone']
230 error error rolling back   errno: 3,
230 error error rolling back   code: 'EACCES',
230 error error rolling back   path: '/usr/local/lib/node_modules/generator-backbone' }
231 error Error: EACCES, unlink '/usr/local/lib/node_modules/generator-backbone'
231 error  { [Error: EACCES, unlink '/usr/local/lib/node_modules/generator-backbone']
231 error   errno: 3,
231 error   code: 'EACCES',
231 error   path: '/usr/local/lib/node_modules/generator-backbone' }
232 error Please try running this command again as root/Administrator.
233 error System Darwin 13.3.0
234 error command "node" "/usr/local/bin/npm" "update" "-g" "generator-backbone"
235 error cwd /Projects/js/test
236 error node -v v0.10.26
237 error npm -v 1.4.3
238 error path /usr/local/lib/node_modules/generator-backbone
239 error code EACCES
240 error errno 3
241 error stack Error: EACCES, unlink '/usr/local/lib/node_modules/generator-backbone'
242 verbose exit [ 3, true ]
